[www.seleniumeasy.com/test/index.html]
[backblue.gif]
[fade.gif]
[index.html]
[maxcdn.bootstrapcdn.com/font-awesome/4.5.0/css/font-awesome.min.css]
[cdn.bootcss.com/animate.css/3.5.1/animate.min.css]
[s7.addthis.com/js/300/addthis_widget.js]
[www.seleniumeasy.com/sites/default/files/seleniumEasy_0.jpg]
[www.seleniumeasy.com/test/img/sponsored-by-CBT.png]
[www.seleniumeasy.com/test/basic-first-form-demo.html]
[www.seleniumeasy.com/test/basic-checkbox-demo.html]
[www.seleniumeasy.com/test/basic-radiobutton-demo.html]
[www.seleniumeasy.com/test/basic-select-dropdown-demo.html]
[www.seleniumeasy.com/test/input-form-demo.html]
[www.seleniumeasy.com/test/ajax-form-submit-demo.html]
[www.seleniumeasy.com/test/jquery-dropdown-search-demo.html]
[www.seleniumeasy.com/test/bootstrap-date-picker-demo.html]
[www.seleniumeasy.com/test/jquery-date-picker-demo.html]
[www.seleniumeasy.com/test/table-pagination-demo.html]
[www.seleniumeasy.com/test/table-search-filter-demo.html]
[www.seleniumeasy.com/test/table-records-filter-demo.html]
[www.seleniumeasy.com/test/table-sort-search-demo.html]
[www.seleniumeasy.com/test/table-data-download-demo.html]
[www.seleniumeasy.com/test/jquery-download-progress-bar-demo.html]
[www.seleniumeasy.com/test/bootstrap-download-progress-demo.html]
[www.seleniumeasy.com/test/drag-drop-range-sliders-demo.html]
[www.seleniumeasy.com/test/bootstrap-alert-messages-demo.html]
[www.seleniumeasy.com/test/bootstrap-modal-demo.html]
[www.seleniumeasy.com/test/window-popup-modal-demo.html]
[www.seleniumeasy.com/test/bootstrap-progress-bar-dialog-demo.html]
[www.seleniumeasy.com/test/javascript-alert-box-demo.html]
[www.seleniumeasy.com/test/generate-file-to-download-demo.html]
[www.seleniumeasy.com/test/bootstrap-dual-list-box-demo.html]
[www.seleniumeasy.com/test/jquery-dual-list-box-demo.html]
[www.seleniumeasy.com/test/data-list-filter-demo.html]
[www.seleniumeasy.com/test/drag-and-drop-demo.html]
[www.seleniumeasy.com/test/dynamic-data-loading-demo.html]
[www.seleniumeasy.com/test/charts-mouse-hover-demo.html]
[www.seleniumeasy.com/test/js/jquery.js]
[www.seleniumeasy.com/test/js/bootstrap.min.js]
[www.seleniumeasy.com/test/js/treemenu.js]
[www.seleniumeasy.com/test/js/slider-cars.js]
[www.seleniumeasy.com/test/js/home-bar.js]
[www.google-analytics.com/analytics.js]
[www.seleniumeasy.com/test/index.html]
[www.seleniumeasy.com/test/css/bootstrap.min.css]
[www.seleniumeasy.com/test/css/main.css]
[www.seleniumeasy.com/test/css/custom.css]
[www.seleniumeasy.com/test/css/slider-cars.css]
[www.seleniumeasy.com/test/css/home-bar.css]
[maxcdn.bootstrapcdn.com/font-awesome/4.5.0/css/font-awesome.min.css]
[cdn.bootcss.com/animate.css/3.5.1/animate.min.css]
[www.seleniumeasy.com/test/basic-first-form-demo.html]
[www.seleniumeasy.com/test/basic-checkbox-demo.html]
[www.seleniumeasy.com/test/basic-radiobutton-demo.html]
[www.seleniumeasy.com/test/basic-select-dropdown-demo.html]
[www.seleniumeasy.com/test/input-form-demo.html]
[www.seleniumeasy.com/test/ajax-form-submit-demo.html]
[www.seleniumeasy.com/test/jquery-dropdown-search-demo.html]
[www.seleniumeasy.com/test/bootstrap-date-picker-demo.html]
[www.seleniumeasy.com/test/jquery-date-picker-demo.html]
[www.seleniumeasy.com/test/table-pagination-demo.html]
[www.seleniumeasy.com/test/table-search-filter-demo.html]
[www.seleniumeasy.com/test/table-records-filter-demo.html]
[www.seleniumeasy.com/test/table-sort-search-demo.html]
[www.seleniumeasy.com/test/table-data-download-demo.html]
[www.seleniumeasy.com/test/jquery-download-progress-bar-demo.html]
[www.seleniumeasy.com/test/bootstrap-download-progress-demo.html]
[www.seleniumeasy.com/test/drag-drop-range-sliders-demo.html]
[www.seleniumeasy.com/test/bootstrap-alert-messages-demo.html]
[www.seleniumeasy.com/test/bootstrap-modal-demo.html]
[www.seleniumeasy.com/test/window-popup-modal-demo.html]
[www.seleniumeasy.com/test/bootstrap-progress-bar-dialog-demo.html]
[www.seleniumeasy.com/test/javascript-alert-box-demo.html]
[www.seleniumeasy.com/test/generate-file-to-download-demo.html]
[www.seleniumeasy.com/test/bootstrap-dual-list-box-demo.html]
[www.seleniumeasy.com/test/jquery-dual-list-box-demo.html]
[www.seleniumeasy.com/test/data-list-filter-demo.html]
[www.seleniumeasy.com/test/drag-and-drop-demo.html]
[www.seleniumeasy.com/test/dynamic-data-loading-demo.html]
[www.seleniumeasy.com/test/charts-mouse-hover-demo.html]
